********************************************************************************
DUPLICATOR-LITE PACKAGE-LOG: 2020.11.25 4:19 am
NOTICE: Do NOT post to public sites or forums 
********************************************************************************
VERSION:	1.3.40
WORDPRESS:	5.5.3
PHP INFO:	7.4.4 | SAPI: cgi-fcgi
SERVER:		Apache 
PHP TIME LIMIT: (0) no time limit imposed 
PHP MAX MEMORY: 4294967296 (200M default) 
MEMORY STACK: 2MB

********************************************************************************
DATABASE:
********************************************************************************
BUILD MODE:   MYSQLDUMP
MYSQLTIMEOUT: 5000
MYSQLDUMP:    Is Supported
SQL CREATED: 20201125_e58298e5b082e99680e5ba97e5b08f_5a42c6eefb09170d6537_20201125041933_database.sql
SQL FILE SIZE: 22.1MB (23168986)
SQL FILE TIME: 2020-11-25 04:19:41
SQL RUNTIME: 0.31 sec.

********************************************************************************
ARCHIVE (ZIP):
********************************************************************************
ARCHIVE DIR:  /home/komiyakasa/komiyakasa.jp/public_html
ARCHIVE FILE: 20201125_e58298e5b082e99680e5ba97e5b08f_5a42c6eefb09170d6537_20201125041933_archive.zip
FILTERS: *OFF*
DIRS:
	not set
FILES:
	not set
EXTS:  not set
----------------------------------------
COMPRESSING
SIZE:	0B
STATS:	Dirs 0 | Files 0
SQL ADDED: 20201125_e58298e5b082e99680e5ba97e5b08f_5a42c6eefb09170d6537_20201125041933_database.sql
ZipArchive Object
(
    [status] => 0
    [statusSys] => 0
    [numFiles] => 1
    [filename] => /home/komiyakasa/komiyakasa.jp/public_html/wp-content/backups-dup-lite/tmp/20201125_e58298e5b082e99680e5ba97e5b08f_5a42c6eefb09170d6537_20201125041933_archive.zip
    [comment] => 
)

FILE ADDED TO ZIP: 0
COMPRESSION RESULT: '1'
COMPRESSED SIZE: 1.87MB
ARCHIVE RUNTIME: 0.66 sec.
MEMORY STACK: 4MB
building installer
add_extra_files1
add_extra_files2
add_extra_files3
add_extra_files4
Doing archive file check
add_extra_files5
add_extra_files6
add_extra_files8
Successfully opened zip /home/komiyakasa/komiyakasa.jp/public_html/wp-content/backups-dup-lite/tmp/20201125_e58298e5b082e99680e5ba97e5b08f_5a42c6eefb09170d6537_20201125041933_archive.zip
Adding enhanced installer files to archive using ZipArchive
Installer files added to archive
Added to archive
After ziparchive close when adding installer

********************************************************************************
INTEGRITY CHECKS:
********************************************************************************
SQL FILE: 22.1MB
INSTALLER FILE: 61.33KB
ARCHIVE FILE: 3.34MB 
EXPECTED FILE/DIRECTORY COUNT: 0
ACTUAL FILE/DIRECTORY COUNT: 0
ARCHIVE CONSISTENCY TEST: Pass

********************************************************************************
RECORD ID:[2]
TOTAL PROCESS RUNTIME: 1.25 sec.
PEAK PHP MEMORY USED: 8MB
DONE PROCESSING => 20201125_e58298e5b082e99680e5ba97e5b08f 2020.11.25 4:19 am

